2023-09-20 16:43:41 startup archives unpack
2023-09-20 16:43:41 install readline-common:all <none> 8.2-1.3
2023-09-20 16:43:41 status half-installed readline-common:all 8.2-1.3
2023-09-20 16:43:41 status unpacked readline-common:all 8.2-1.3
2023-09-20 16:43:41 install libssl3:amd64 <none> 3.0.9-1
2023-09-20 16:43:41 status triggers-pending libc-bin:amd64 2.36-9+deb12u1
2023-09-20 16:43:41 status half-installed libssl3:amd64 3.0.9-1
2023-09-20 16:43:41 status unpacked libssl3:amd64 3.0.9-1
2023-09-20 16:43:41 install openssl:amd64 <none> 3.0.9-1
2023-09-20 16:43:41 status half-installed openssl:amd64 3.0.9-1
2023-09-20 16:43:41 status unpacked openssl:amd64 3.0.9-1
2023-09-20 16:43:41 install ca-certificates:all <none> 20230311
2023-09-20 16:43:41 status half-installed ca-certificates:all 20230311
2023-09-20 16:43:41 status unpacked ca-certificates:all 20230311
2023-09-20 16:43:41 install libbrotli1:amd64 <none> 1.0.9-2+b6
2023-09-20 16:43:41 status half-installed libbrotli1:amd64 1.0.9-2+b6
2023-09-20 16:43:41 status unpacked libbrotli1:amd64 1.0.9-2+b6
2023-09-20 16:43:41 install libkrb5support0:amd64 <none> 1.20.1-2
2023-09-20 16:43:41 status half-installed libkrb5support0:amd64 1.20.1-2
2023-09-20 16:43:41 status unpacked libkrb5support0:amd64 1.20.1-2
2023-09-20 16:43:41 install libk5crypto3:amd64 <none> 1.20.1-2
2023-09-20 16:43:41 status half-installed libk5crypto3:amd64 1.20.1-2
2023-09-20 16:43:41 status unpacked libk5crypto3:amd64 1.20.1-2
2023-09-20 16:43:41 install libkeyutils1:amd64 <none> 1.6.3-2
2023-09-20 16:43:41 status half-installed libkeyutils1:amd64 1.6.3-2
2023-09-20 16:43:41 status unpacked libkeyutils1:amd64 1.6.3-2
2023-09-20 16:43:41 install libkrb5-3:amd64 <none> 1.20.1-2
2023-09-20 16:43:41 status half-installed libkrb5-3:amd64 1.20.1-2
2023-09-20 16:43:41 status unpacked libkrb5-3:amd64 1.20.1-2
2023-09-20 16:43:41 install libgssapi-krb5-2:amd64 <none> 1.20.1-2
2023-09-20 16:43:41 status half-installed libgssapi-krb5-2:amd64 1.20.1-2
2023-09-20 16:43:41 status unpacked libgssapi-krb5-2:amd64 1.20.1-2
2023-09-20 16:43:41 install libsasl2-modules-db:amd64 <none> 2.1.28+dfsg-10
2023-09-20 16:43:41 status half-installed libsasl2-modules-db:amd64 2.1.28+dfsg-10
2023-09-20 16:43:41 status unpacked libsasl2-modules-db:amd64 2.1.28+dfsg-10
2023-09-20 16:43:41 install libsasl2-2:amd64 <none> 2.1.28+dfsg-10
2023-09-20 16:43:41 status half-installed libsasl2-2:amd64 2.1.28+dfsg-10
2023-09-20 16:43:41 status unpacked libsasl2-2:amd64 2.1.28+dfsg-10
2023-09-20 16:43:41 install libldap-2.5-0:amd64 <none> 2.5.13+dfsg-5
2023-09-20 16:43:41 status half-installed libldap-2.5-0:amd64 2.5.13+dfsg-5
2023-09-20 16:43:41 status unpacked libldap-2.5-0:amd64 2.5.13+dfsg-5
2023-09-20 16:43:41 install libnghttp2-14:amd64 <none> 1.52.0-1
2023-09-20 16:43:41 status half-installed libnghttp2-14:amd64 1.52.0-1
2023-09-20 16:43:42 status unpacked libnghttp2-14:amd64 1.52.0-1
2023-09-20 16:43:42 install libpsl5:amd64 <none> 0.21.2-1
2023-09-20 16:43:42 status half-installed libpsl5:amd64 0.21.2-1
2023-09-20 16:43:42 status unpacked libpsl5:amd64 0.21.2-1
2023-09-20 16:43:42 install librtmp1:amd64 <none> 2.4+20151223.gitfa8646d.1-2+b2
2023-09-20 16:43:42 status half-installed librtmp1:amd64 2.4+20151223.gitfa8646d.1-2+b2
2023-09-20 16:43:42 status unpacked librtmp1:amd64 2.4+20151223.gitfa8646d.1-2+b2
2023-09-20 16:43:42 install libssh2-1:amd64 <none> 1.10.0-3+b1
2023-09-20 16:43:42 status half-installed libssh2-1:amd64 1.10.0-3+b1
2023-09-20 16:43:42 status unpacked libssh2-1:amd64 1.10.0-3+b1
2023-09-20 16:43:42 install libcurl3-gnutls:amd64 <none> 7.88.1-10+deb12u1
2023-09-20 16:43:42 status half-installed libcurl3-gnutls:amd64 7.88.1-10+deb12u1
2023-09-20 16:43:42 status unpacked libcurl3-gnutls:amd64 7.88.1-10+deb12u1
2023-09-20 16:43:42 install libreadline8:amd64 <none> 8.2-1.3
2023-09-20 16:43:42 status half-installed libreadline8:amd64 8.2-1.3
2023-09-20 16:43:42 status unpacked libreadline8:amd64 8.2-1.3
2023-09-20 16:43:42 install gnupg1:amd64 <none> 1.4.23-1.1+b1
2023-09-20 16:43:42 status half-installed gnupg1:amd64 1.4.23-1.1+b1
2023-09-20 16:43:42 status unpacked gnupg1:amd64 1.4.23-1.1+b1
2023-09-20 16:43:42 startup packages configure
2023-09-20 16:43:42 configure libkeyutils1:amd64 1.6.3-2 <none>
2023-09-20 16:43:42 status unpacked libkeyutils1:amd64 1.6.3-2
2023-09-20 16:43:42 status half-configured libkeyutils1:amd64 1.6.3-2
2023-09-20 16:43:42 status installed libkeyutils1:amd64 1.6.3-2
2023-09-20 16:43:42 configure libpsl5:amd64 0.21.2-1 <none>
2023-09-20 16:43:42 status unpacked libpsl5:amd64 0.21.2-1
2023-09-20 16:43:42 status half-configured libpsl5:amd64 0.21.2-1
2023-09-20 16:43:42 status installed libpsl5:amd64 0.21.2-1
2023-09-20 16:43:42 configure libbrotli1:amd64 1.0.9-2+b6 <none>
2023-09-20 16:43:42 status unpacked libbrotli1:amd64 1.0.9-2+b6
2023-09-20 16:43:42 status half-configured libbrotli1:amd64 1.0.9-2+b6
2023-09-20 16:43:42 status installed libbrotli1:amd64 1.0.9-2+b6
2023-09-20 16:43:42 configure libssl3:amd64 3.0.9-1 <none>
2023-09-20 16:43:42 status unpacked libssl3:amd64 3.0.9-1
2023-09-20 16:43:42 status half-configured libssl3:amd64 3.0.9-1
2023-09-20 16:43:42 status installed libssl3:amd64 3.0.9-1
2023-09-20 16:43:42 configure libnghttp2-14:amd64 1.52.0-1 <none>
2023-09-20 16:43:42 status unpacked libnghttp2-14:amd64 1.52.0-1
2023-09-20 16:43:42 status half-configured libnghttp2-14:amd64 1.52.0-1
2023-09-20 16:43:42 status installed libnghttp2-14:amd64 1.52.0-1
2023-09-20 16:43:42 configure libkrb5support0:amd64 1.20.1-2 <none>
2023-09-20 16:43:42 status unpacked libkrb5support0:amd64 1.20.1-2
2023-09-20 16:43:42 status half-configured libkrb5support0:amd64 1.20.1-2
2023-09-20 16:43:42 status installed libkrb5support0:amd64 1.20.1-2
2023-09-20 16:43:42 configure libsasl2-modules-db:amd64 2.1.28+dfsg-10 <none>
2023-09-20 16:43:42 status unpacked libsasl2-modules-db:amd64 2.1.28+dfsg-10
2023-09-20 16:43:42 status half-configured libsasl2-modules-db:amd64 2.1.28+dfsg-10
2023-09-20 16:43:42 status installed libsasl2-modules-db:amd64 2.1.28+dfsg-10
2023-09-20 16:43:42 configure librtmp1:amd64 2.4+20151223.gitfa8646d.1-2+b2 <none>
2023-09-20 16:43:42 status unpacked librtmp1:amd64 2.4+20151223.gitfa8646d.1-2+b2
2023-09-20 16:43:42 status half-configured librtmp1:amd64 2.4+20151223.gitfa8646d.1-2+b2
2023-09-20 16:43:42 status installed librtmp1:amd64 2.4+20151223.gitfa8646d.1-2+b2
2023-09-20 16:43:42 configure libk5crypto3:amd64 1.20.1-2 <none>
2023-09-20 16:43:42 status unpacked libk5crypto3:amd64 1.20.1-2
2023-09-20 16:43:42 status half-configured libk5crypto3:amd64 1.20.1-2
2023-09-20 16:43:42 status installed libk5crypto3:amd64 1.20.1-2
2023-09-20 16:43:42 configure libsasl2-2:amd64 2.1.28+dfsg-10 <none>
2023-09-20 16:43:42 status unpacked libsasl2-2:amd64 2.1.28+dfsg-10
2023-09-20 16:43:42 status half-configured libsasl2-2:amd64 2.1.28+dfsg-10
2023-09-20 16:43:42 status installed libsasl2-2:amd64 2.1.28+dfsg-10
2023-09-20 16:43:42 configure libssh2-1:amd64 1.10.0-3+b1 <none>
2023-09-20 16:43:42 status unpacked libssh2-1:amd64 1.10.0-3+b1
2023-09-20 16:43:42 status half-configured libssh2-1:amd64 1.10.0-3+b1
2023-09-20 16:43:42 status installed libssh2-1:amd64 1.10.0-3+b1
2023-09-20 16:43:42 configure libkrb5-3:amd64 1.20.1-2 <none>
2023-09-20 16:43:42 status unpacked libkrb5-3:amd64 1.20.1-2
2023-09-20 16:43:42 status half-configured libkrb5-3:amd64 1.20.1-2
2023-09-20 16:43:42 status installed libkrb5-3:amd64 1.20.1-2
2023-09-20 16:43:42 configure openssl:amd64 3.0.9-1 <none>
2023-09-20 16:43:42 status unpacked openssl:amd64 3.0.9-1
2023-09-20 16:43:42 status half-configured openssl:amd64 3.0.9-1
2023-09-20 16:43:42 status installed openssl:amd64 3.0.9-1
2023-09-20 16:43:42 configure readline-common:all 8.2-1.3 <none>
2023-09-20 16:43:42 status unpacked readline-common:all 8.2-1.3
2023-09-20 16:43:42 status half-configured readline-common:all 8.2-1.3
2023-09-20 16:43:42 status installed readline-common:all 8.2-1.3
2023-09-20 16:43:42 configure libreadline8:amd64 8.2-1.3 <none>
2023-09-20 16:43:42 status unpacked libreadline8:amd64 8.2-1.3
2023-09-20 16:43:42 status half-configured libreadline8:amd64 8.2-1.3
2023-09-20 16:43:42 status installed libreadline8:amd64 8.2-1.3
2023-09-20 16:43:42 configure libldap-2.5-0:amd64 2.5.13+dfsg-5 <none>
2023-09-20 16:43:42 status unpacked libldap-2.5-0:amd64 2.5.13+dfsg-5
2023-09-20 16:43:42 status half-configured libldap-2.5-0:amd64 2.5.13+dfsg-5
2023-09-20 16:43:42 status installed libldap-2.5-0:amd64 2.5.13+dfsg-5
2023-09-20 16:43:42 configure ca-certificates:all 20230311 <none>
2023-09-20 16:43:42 status unpacked ca-certificates:all 20230311
2023-09-20 16:43:42 status half-configured ca-certificates:all 20230311
2023-09-20 16:43:43 status installed ca-certificates:all 20230311
2023-09-20 16:43:43 status triggers-pending ca-certificates:all 20230311
2023-09-20 16:43:43 configure libgssapi-krb5-2:amd64 1.20.1-2 <none>
2023-09-20 16:43:43 status unpacked libgssapi-krb5-2:amd64 1.20.1-2
2023-09-20 16:43:43 status half-configured libgssapi-krb5-2:amd64 1.20.1-2
2023-09-20 16:43:43 status installed libgssapi-krb5-2:amd64 1.20.1-2
2023-09-20 16:43:43 configure libcurl3-gnutls:amd64 7.88.1-10+deb12u1 <none>
2023-09-20 16:43:43 status unpacked libcurl3-gnutls:amd64 7.88.1-10+deb12u1
2023-09-20 16:43:43 status half-configured libcurl3-gnutls:amd64 7.88.1-10+deb12u1
2023-09-20 16:43:43 status installed libcurl3-gnutls:amd64 7.88.1-10+deb12u1
2023-09-20 16:43:43 configure gnupg1:amd64 1.4.23-1.1+b1 <none>
2023-09-20 16:43:43 status unpacked gnupg1:amd64 1.4.23-1.1+b1
2023-09-20 16:43:43 status half-configured gnupg1:amd64 1.4.23-1.1+b1
2023-09-20 16:43:43 status installed gnupg1:amd64 1.4.23-1.1+b1
2023-09-20 16:43:43 trigproc libc-bin:amd64 2.36-9+deb12u1 <none>
2023-09-20 16:43:43 status half-configured libc-bin:amd64 2.36-9+deb12u1
2023-09-20 16:43:43 status installed libc-bin:amd64 2.36-9+deb12u1
2023-09-20 16:43:43 trigproc ca-certificates:all 20230311 <none>
2023-09-20 16:43:43 status half-configured ca-certificates:all 20230311
2023-09-20 16:43:43 status installed ca-certificates:all 20230311
2023-09-20 16:43:45 startup packages remove
2023-09-20 16:43:45 status installed gnupg1:amd64 1.4.23-1.1+b1
2023-09-20 16:43:45 remove gnupg1:amd64 1.4.23-1.1+b1 <none>
2023-09-20 16:43:45 status half-configured gnupg1:amd64 1.4.23-1.1+b1
2023-09-20 16:43:45 status half-installed gnupg1:amd64 1.4.23-1.1+b1
2023-09-20 16:43:45 status config-files gnupg1:amd64 1.4.23-1.1+b1
2023-09-20 16:43:45 status not-installed gnupg1:amd64 <none>
2023-09-20 16:43:45 status installed libcurl3-gnutls:amd64 7.88.1-10+deb12u1
2023-09-20 16:43:45 remove libcurl3-gnutls:amd64 7.88.1-10+deb12u1 <none>
2023-09-20 16:43:45 status triggers-pending libc-bin:amd64 2.36-9+deb12u1
2023-09-20 16:43:45 status half-configured libcurl3-gnutls:amd64 7.88.1-10+deb12u1
2023-09-20 16:43:45 status half-installed libcurl3-gnutls:amd64 7.88.1-10+deb12u1
2023-09-20 16:43:45 status config-files libcurl3-gnutls:amd64 7.88.1-10+deb12u1
2023-09-20 16:43:45 status not-installed libcurl3-gnutls:amd64 <none>
2023-09-20 16:43:45 status installed libbrotli1:amd64 1.0.9-2+b6
2023-09-20 16:43:45 remove libbrotli1:amd64 1.0.9-2+b6 <none>
2023-09-20 16:43:45 status half-configured libbrotli1:amd64 1.0.9-2+b6
2023-09-20 16:43:45 status half-installed libbrotli1:amd64 1.0.9-2+b6
2023-09-20 16:43:45 status config-files libbrotli1:amd64 1.0.9-2+b6
2023-09-20 16:43:45 status not-installed libbrotli1:amd64 <none>
2023-09-20 16:43:45 status installed libgssapi-krb5-2:amd64 1.20.1-2
2023-09-20 16:43:45 remove libgssapi-krb5-2:amd64 1.20.1-2 <none>
2023-09-20 16:43:45 status half-configured libgssapi-krb5-2:amd64 1.20.1-2
2023-09-20 16:43:45 status half-installed libgssapi-krb5-2:amd64 1.20.1-2
2023-09-20 16:43:45 status config-files libgssapi-krb5-2:amd64 1.20.1-2
2023-09-20 16:43:45 status installed libkrb5-3:amd64 1.20.1-2
2023-09-20 16:43:45 remove libkrb5-3:amd64 1.20.1-2 <none>
2023-09-20 16:43:45 status half-configured libkrb5-3:amd64 1.20.1-2
2023-09-20 16:43:45 status half-installed libkrb5-3:amd64 1.20.1-2
2023-09-20 16:43:45 status config-files libkrb5-3:amd64 1.20.1-2
2023-09-20 16:43:45 status not-installed libkrb5-3:amd64 <none>
2023-09-20 16:43:45 status installed libk5crypto3:amd64 1.20.1-2
2023-09-20 16:43:45 remove libk5crypto3:amd64 1.20.1-2 <none>
2023-09-20 16:43:45 status half-configured libk5crypto3:amd64 1.20.1-2
2023-09-20 16:43:45 status half-installed libk5crypto3:amd64 1.20.1-2
2023-09-20 16:43:45 status config-files libk5crypto3:amd64 1.20.1-2
2023-09-20 16:43:45 status not-installed libk5crypto3:amd64 <none>
2023-09-20 16:43:45 status installed libkeyutils1:amd64 1.6.3-2
2023-09-20 16:43:45 remove libkeyutils1:amd64 1.6.3-2 <none>
2023-09-20 16:43:45 status half-configured libkeyutils1:amd64 1.6.3-2
2023-09-20 16:43:45 status half-installed libkeyutils1:amd64 1.6.3-2
2023-09-20 16:43:45 status config-files libkeyutils1:amd64 1.6.3-2
2023-09-20 16:43:45 status not-installed libkeyutils1:amd64 <none>
2023-09-20 16:43:45 status installed libkrb5support0:amd64 1.20.1-2
2023-09-20 16:43:45 remove libkrb5support0:amd64 1.20.1-2 <none>
2023-09-20 16:43:45 status half-configured libkrb5support0:amd64 1.20.1-2
2023-09-20 16:43:45 status half-installed libkrb5support0:amd64 1.20.1-2
2023-09-20 16:43:45 status config-files libkrb5support0:amd64 1.20.1-2
2023-09-20 16:43:45 status not-installed libkrb5support0:amd64 <none>
2023-09-20 16:43:45 status installed libldap-2.5-0:amd64 2.5.13+dfsg-5
2023-09-20 16:43:45 remove libldap-2.5-0:amd64 2.5.13+dfsg-5 <none>
2023-09-20 16:43:45 status half-configured libldap-2.5-0:amd64 2.5.13+dfsg-5
2023-09-20 16:43:45 status half-installed libldap-2.5-0:amd64 2.5.13+dfsg-5
2023-09-20 16:43:45 status config-files libldap-2.5-0:amd64 2.5.13+dfsg-5
2023-09-20 16:43:45 status not-installed libldap-2.5-0:amd64 <none>
2023-09-20 16:43:45 status installed libnghttp2-14:amd64 1.52.0-1
2023-09-20 16:43:45 remove libnghttp2-14:amd64 1.52.0-1 <none>
2023-09-20 16:43:45 status half-configured libnghttp2-14:amd64 1.52.0-1
2023-09-20 16:43:45 status half-installed libnghttp2-14:amd64 1.52.0-1
2023-09-20 16:43:45 status config-files libnghttp2-14:amd64 1.52.0-1
2023-09-20 16:43:45 status not-installed libnghttp2-14:amd64 <none>
2023-09-20 16:43:45 status installed libpsl5:amd64 0.21.2-1
2023-09-20 16:43:45 remove libpsl5:amd64 0.21.2-1 <none>
2023-09-20 16:43:45 status half-configured libpsl5:amd64 0.21.2-1
2023-09-20 16:43:45 status half-installed libpsl5:amd64 0.21.2-1
2023-09-20 16:43:45 status config-files libpsl5:amd64 0.21.2-1
2023-09-20 16:43:45 status not-installed libpsl5:amd64 <none>
2023-09-20 16:43:45 status installed libreadline8:amd64 8.2-1.3
2023-09-20 16:43:45 remove libreadline8:amd64 8.2-1.3 <none>
2023-09-20 16:43:45 status half-configured libreadline8:amd64 8.2-1.3
2023-09-20 16:43:45 status half-installed libreadline8:amd64 8.2-1.3
2023-09-20 16:43:45 status config-files libreadline8:amd64 8.2-1.3
2023-09-20 16:43:45 status not-installed libreadline8:amd64 <none>
2023-09-20 16:43:45 status installed librtmp1:amd64 2.4+20151223.gitfa8646d.1-2+b2
2023-09-20 16:43:45 remove librtmp1:amd64 2.4+20151223.gitfa8646d.1-2+b2 <none>
2023-09-20 16:43:45 status half-configured librtmp1:amd64 2.4+20151223.gitfa8646d.1-2+b2
2023-09-20 16:43:45 status half-installed librtmp1:amd64 2.4+20151223.gitfa8646d.1-2+b2
2023-09-20 16:43:45 status config-files librtmp1:amd64 2.4+20151223.gitfa8646d.1-2+b2
2023-09-20 16:43:45 status not-installed librtmp1:amd64 <none>
2023-09-20 16:43:45 status installed libsasl2-2:amd64 2.1.28+dfsg-10
2023-09-20 16:43:45 remove libsasl2-2:amd64 2.1.28+dfsg-10 <none>
2023-09-20 16:43:45 status half-configured libsasl2-2:amd64 2.1.28+dfsg-10
2023-09-20 16:43:45 status half-installed libsasl2-2:amd64 2.1.28+dfsg-10
2023-09-20 16:43:45 status config-files libsasl2-2:amd64 2.1.28+dfsg-10
2023-09-20 16:43:45 status not-installed libsasl2-2:amd64 <none>
2023-09-20 16:43:45 status installed libsasl2-modules-db:amd64 2.1.28+dfsg-10
2023-09-20 16:43:45 remove libsasl2-modules-db:amd64 2.1.28+dfsg-10 <none>
2023-09-20 16:43:45 status half-configured libsasl2-modules-db:amd64 2.1.28+dfsg-10
2023-09-20 16:43:45 status half-installed libsasl2-modules-db:amd64 2.1.28+dfsg-10
2023-09-20 16:43:45 status config-files libsasl2-modules-db:amd64 2.1.28+dfsg-10
2023-09-20 16:43:45 status not-installed libsasl2-modules-db:amd64 <none>
2023-09-20 16:43:45 status installed libssh2-1:amd64 1.10.0-3+b1
2023-09-20 16:43:45 remove libssh2-1:amd64 1.10.0-3+b1 <none>
2023-09-20 16:43:45 status half-configured libssh2-1:amd64 1.10.0-3+b1
2023-09-20 16:43:45 status half-installed libssh2-1:amd64 1.10.0-3+b1
2023-09-20 16:43:45 status config-files libssh2-1:amd64 1.10.0-3+b1
2023-09-20 16:43:45 status not-installed libssh2-1:amd64 <none>
2023-09-20 16:43:45 status installed readline-common:all 8.2-1.3
2023-09-20 16:43:45 remove readline-common:all 8.2-1.3 <none>
2023-09-20 16:43:45 status half-configured readline-common:all 8.2-1.3
2023-09-20 16:43:45 status half-installed readline-common:all 8.2-1.3
2023-09-20 16:43:45 status config-files readline-common:all 8.2-1.3
2023-09-20 16:43:45 startup packages configure
2023-09-20 16:43:45 trigproc libc-bin:amd64 2.36-9+deb12u1 <none>
2023-09-20 16:43:45 status half-configured libc-bin:amd64 2.36-9+deb12u1
2023-09-20 16:43:45 status installed libc-bin:amd64 2.36-9+deb12u1
2023-09-20 16:43:45 startup packages purge
2023-09-20 16:43:45 purge libgssapi-krb5-2:amd64 1.20.1-2 <none>
2023-09-20 16:43:45 status config-files libgssapi-krb5-2:amd64 1.20.1-2
2023-09-20 16:43:45 status not-installed libgssapi-krb5-2:amd64 <none>
2023-09-20 16:43:45 purge readline-common:all 8.2-1.3 <none>
2023-09-20 16:43:45 status config-files readline-common:all 8.2-1.3
2023-09-20 16:43:45 status not-installed readline-common:all <none>
2023-09-20 16:43:45 startup packages configure
2023-09-20 16:43:51 startup archives unpack
2023-09-20 16:43:51 install gettext-base:amd64 <none> 0.21-12
2023-09-20 16:43:51 status half-installed gettext-base:amd64 0.21-12
2023-09-20 16:43:51 status unpacked gettext-base:amd64 0.21-12
2023-09-20 16:43:52 install libbrotli1:amd64 <none> 1.0.9-2+b6
2023-09-20 16:43:52 status triggers-pending libc-bin:amd64 2.36-9+deb12u1
2023-09-20 16:43:52 status half-installed libbrotli1:amd64 1.0.9-2+b6
2023-09-20 16:43:52 status unpacked libbrotli1:amd64 1.0.9-2+b6
2023-09-20 16:43:52 install libkrb5support0:amd64 <none> 1.20.1-2
2023-09-20 16:43:52 status half-installed libkrb5support0:amd64 1.20.1-2
2023-09-20 16:43:52 status unpacked libkrb5support0:amd64 1.20.1-2
2023-09-20 16:43:52 install libk5crypto3:amd64 <none> 1.20.1-2
2023-09-20 16:43:52 status half-installed libk5crypto3:amd64 1.20.1-2
2023-09-20 16:43:52 status unpacked libk5crypto3:amd64 1.20.1-2
2023-09-20 16:43:52 install libkeyutils1:amd64 <none> 1.6.3-2
2023-09-20 16:43:52 status half-installed libkeyutils1:amd64 1.6.3-2
2023-09-20 16:43:52 status unpacked libkeyutils1:amd64 1.6.3-2
2023-09-20 16:43:52 install libkrb5-3:amd64 <none> 1.20.1-2
2023-09-20 16:43:52 status half-installed libkrb5-3:amd64 1.20.1-2
2023-09-20 16:43:52 status unpacked libkrb5-3:amd64 1.20.1-2
2023-09-20 16:43:52 install libgssapi-krb5-2:amd64 <none> 1.20.1-2
2023-09-20 16:43:52 status half-installed libgssapi-krb5-2:amd64 1.20.1-2
2023-09-20 16:43:52 status unpacked libgssapi-krb5-2:amd64 1.20.1-2
2023-09-20 16:43:52 install libsasl2-modules-db:amd64 <none> 2.1.28+dfsg-10
2023-09-20 16:43:52 status half-installed libsasl2-modules-db:amd64 2.1.28+dfsg-10
2023-09-20 16:43:52 status unpacked libsasl2-modules-db:amd64 2.1.28+dfsg-10
2023-09-20 16:43:52 install libsasl2-2:amd64 <none> 2.1.28+dfsg-10
2023-09-20 16:43:52 status half-installed libsasl2-2:amd64 2.1.28+dfsg-10
2023-09-20 16:43:52 status unpacked libsasl2-2:amd64 2.1.28+dfsg-10
2023-09-20 16:43:52 install libldap-2.5-0:amd64 <none> 2.5.13+dfsg-5
2023-09-20 16:43:52 status half-installed libldap-2.5-0:amd64 2.5.13+dfsg-5
2023-09-20 16:43:52 status unpacked libldap-2.5-0:amd64 2.5.13+dfsg-5
2023-09-20 16:43:52 install libnghttp2-14:amd64 <none> 1.52.0-1
2023-09-20 16:43:52 status half-installed libnghttp2-14:amd64 1.52.0-1
2023-09-20 16:43:52 status unpacked libnghttp2-14:amd64 1.52.0-1
2023-09-20 16:43:52 install libpsl5:amd64 <none> 0.21.2-1
2023-09-20 16:43:52 status half-installed libpsl5:amd64 0.21.2-1
2023-09-20 16:43:52 status unpacked libpsl5:amd64 0.21.2-1
2023-09-20 16:43:52 install librtmp1:amd64 <none> 2.4+20151223.gitfa8646d.1-2+b2
2023-09-20 16:43:52 status half-installed librtmp1:amd64 2.4+20151223.gitfa8646d.1-2+b2
2023-09-20 16:43:52 status unpacked librtmp1:amd64 2.4+20151223.gitfa8646d.1-2+b2
2023-09-20 16:43:52 install libssh2-1:amd64 <none> 1.10.0-3+b1
2023-09-20 16:43:52 status half-installed libssh2-1:amd64 1.10.0-3+b1
2023-09-20 16:43:52 status unpacked libssh2-1:amd64 1.10.0-3+b1
2023-09-20 16:43:52 install libcurl4:amd64 <none> 7.88.1-10+deb12u1
2023-09-20 16:43:52 status half-installed libcurl4:amd64 7.88.1-10+deb12u1
2023-09-20 16:43:52 status unpacked libcurl4:amd64 7.88.1-10+deb12u1
2023-09-20 16:43:52 install curl:amd64 <none> 7.88.1-10+deb12u1
2023-09-20 16:43:52 status half-installed curl:amd64 7.88.1-10+deb12u1
2023-09-20 16:43:52 status unpacked curl:amd64 7.88.1-10+deb12u1
2023-09-20 16:43:52 install fonts-dejavu-core:all <none> 2.37-6
2023-09-20 16:43:52 status half-installed fonts-dejavu-core:all 2.37-6
2023-09-20 16:43:52 status unpacked fonts-dejavu-core:all 2.37-6
2023-09-20 16:43:52 install fontconfig-config:amd64 <none> 2.14.1-4
2023-09-20 16:43:52 status half-installed fontconfig-config:amd64 2.14.1-4
2023-09-20 16:43:52 status unpacked fontconfig-config:amd64 2.14.1-4
2023-09-20 16:43:52 install libabsl20220623:amd64 <none> 20220623.1-1
2023-09-20 16:43:52 status half-installed libabsl20220623:amd64 20220623.1-1
2023-09-20 16:43:52 status unpacked libabsl20220623:amd64 20220623.1-1
2023-09-20 16:43:53 install libaom3:amd64 <none> 3.6.0-1
2023-09-20 16:43:53 status half-installed libaom3:amd64 3.6.0-1
2023-09-20 16:43:53 status unpacked libaom3:amd64 3.6.0-1
2023-09-20 16:43:53 install libdav1d6:amd64 <none> 1.0.0-2
2023-09-20 16:43:53 status half-installed libdav1d6:amd64 1.0.0-2
2023-09-20 16:43:53 status unpacked libdav1d6:amd64 1.0.0-2
2023-09-20 16:43:53 install libgav1-1:amd64 <none> 0.18.0-1+b1
2023-09-20 16:43:53 status half-installed libgav1-1:amd64 0.18.0-1+b1
2023-09-20 16:43:53 status unpacked libgav1-1:amd64 0.18.0-1+b1
2023-09-20 16:43:53 install librav1e0:amd64 <none> 0.5.1-6
2023-09-20 16:43:53 status half-installed librav1e0:amd64 0.5.1-6
2023-09-20 16:43:53 status unpacked librav1e0:amd64 0.5.1-6
2023-09-20 16:43:53 install libsvtav1enc1:amd64 <none> 1.4.1+dfsg-1
2023-09-20 16:43:53 status half-installed libsvtav1enc1:amd64 1.4.1+dfsg-1
2023-09-20 16:43:53 status unpacked libsvtav1enc1:amd64 1.4.1+dfsg-1
2023-09-20 16:43:53 install libjpeg62-turbo:amd64 <none> 1:2.1.5-2
2023-09-20 16:43:53 status half-installed libjpeg62-turbo:amd64 1:2.1.5-2
2023-09-20 16:43:53 status unpacked libjpeg62-turbo:amd64 1:2.1.5-2
2023-09-20 16:43:53 install libyuv0:amd64 <none> 0.0~git20230123.b2528b0-1
2023-09-20 16:43:53 status half-installed libyuv0:amd64 0.0~git20230123.b2528b0-1
2023-09-20 16:43:53 status unpacked libyuv0:amd64 0.0~git20230123.b2528b0-1
2023-09-20 16:43:53 install libavif15:amd64 <none> 0.11.1-1
2023-09-20 16:43:53 status half-installed libavif15:amd64 0.11.1-1
2023-09-20 16:43:53 status unpacked libavif15:amd64 0.11.1-1
2023-09-20 16:43:53 install libbsd0:amd64 <none> 0.11.7-2
2023-09-20 16:43:53 status half-installed libbsd0:amd64 0.11.7-2
2023-09-20 16:43:53 status unpacked libbsd0:amd64 0.11.7-2
2023-09-20 16:43:53 install libde265-0:amd64 <none> 1.0.11-1
2023-09-20 16:43:53 status half-installed libde265-0:amd64 1.0.11-1
2023-09-20 16:43:53 status unpacked libde265-0:amd64 1.0.11-1
2023-09-20 16:43:53 install libdeflate0:amd64 <none> 1.14-1
2023-09-20 16:43:53 status half-installed libdeflate0:amd64 1.14-1
2023-09-20 16:43:53 status unpacked libdeflate0:amd64 1.14-1
2023-09-20 16:43:53 install libedit2:amd64 <none> 3.1-20221030-2
2023-09-20 16:43:53 status half-installed libedit2:amd64 3.1-20221030-2
2023-09-20 16:43:53 status unpacked libedit2:amd64 3.1-20221030-2
2023-09-20 16:43:53 install libexpat1:amd64 <none> 2.5.0-1
2023-09-20 16:43:53 status half-installed libexpat1:amd64 2.5.0-1
2023-09-20 16:43:53 status unpacked libexpat1:amd64 2.5.0-1
2023-09-20 16:43:53 install libpng16-16:amd64 <none> 1.6.39-2
2023-09-20 16:43:53 status half-installed libpng16-16:amd64 1.6.39-2
2023-09-20 16:43:53 status unpacked libpng16-16:amd64 1.6.39-2
2023-09-20 16:43:54 install libfreetype6:amd64 <none> 2.12.1+dfsg-5
2023-09-20 16:43:54 status half-installed libfreetype6:amd64 2.12.1+dfsg-5
2023-09-20 16:43:54 status unpacked libfreetype6:amd64 2.12.1+dfsg-5
2023-09-20 16:43:54 install libfontconfig1:amd64 <none> 2.14.1-4
2023-09-20 16:43:54 status half-installed libfontconfig1:amd64 2.14.1-4
2023-09-20 16:43:54 status unpacked libfontconfig1:amd64 2.14.1-4
2023-09-20 16:43:54 install libnuma1:amd64 <none> 2.0.16-1
2023-09-20 16:43:54 status half-installed libnuma1:amd64 2.0.16-1
2023-09-20 16:43:54 status unpacked libnuma1:amd64 2.0.16-1
2023-09-20 16:43:54 install libx265-199:amd64 <none> 3.5-2+b1
2023-09-20 16:43:54 status half-installed libx265-199:amd64 3.5-2+b1
2023-09-20 16:43:54 status unpacked libx265-199:amd64 3.5-2+b1
2023-09-20 16:43:54 install libheif1:amd64 <none> 1.15.1-1
2023-09-20 16:43:54 status half-installed libheif1:amd64 1.15.1-1
2023-09-20 16:43:54 status unpacked libheif1:amd64 1.15.1-1
2023-09-20 16:43:54 install libjbig0:amd64 <none> 2.1-6.1
2023-09-20 16:43:54 status half-installed libjbig0:amd64 2.1-6.1
2023-09-20 16:43:54 status unpacked libjbig0:amd64 2.1-6.1
2023-09-20 16:43:54 install liblerc4:amd64 <none> 4.0.0+ds-2
2023-09-20 16:43:54 status half-installed liblerc4:amd64 4.0.0+ds-2
2023-09-20 16:43:54 status unpacked liblerc4:amd64 4.0.0+ds-2
2023-09-20 16:43:54 install libwebp7:amd64 <none> 1.2.4-0.2+deb12u1
2023-09-20 16:43:54 status half-installed libwebp7:amd64 1.2.4-0.2+deb12u1
2023-09-20 16:43:54 status unpacked libwebp7:amd64 1.2.4-0.2+deb12u1
2023-09-20 16:43:54 install libtiff6:amd64 <none> 4.5.0-6
2023-09-20 16:43:54 status half-installed libtiff6:amd64 4.5.0-6
2023-09-20 16:43:54 status unpacked libtiff6:amd64 4.5.0-6
2023-09-20 16:43:54 install libxau6:amd64 <none> 1:1.0.9-1
2023-09-20 16:43:54 status half-installed libxau6:amd64 1:1.0.9-1
2023-09-20 16:43:54 status unpacked libxau6:amd64 1:1.0.9-1
2023-09-20 16:43:54 install libxdmcp6:amd64 <none> 1:1.1.2-3
2023-09-20 16:43:54 status half-installed libxdmcp6:amd64 1:1.1.2-3
2023-09-20 16:43:54 status unpacked libxdmcp6:amd64 1:1.1.2-3
2023-09-20 16:43:54 install libxcb1:amd64 <none> 1.15-1
2023-09-20 16:43:54 status half-installed libxcb1:amd64 1.15-1
2023-09-20 16:43:54 status unpacked libxcb1:amd64 1.15-1
2023-09-20 16:43:54 install libx11-data:all <none> 2:1.8.4-2+deb12u1
2023-09-20 16:43:54 status half-installed libx11-data:all 2:1.8.4-2+deb12u1
2023-09-20 16:43:54 status unpacked libx11-data:all 2:1.8.4-2+deb12u1
2023-09-20 16:43:54 install libx11-6:amd64 <none> 2:1.8.4-2+deb12u1
2023-09-20 16:43:54 status half-installed libx11-6:amd64 2:1.8.4-2+deb12u1
2023-09-20 16:43:54 status unpacked libx11-6:amd64 2:1.8.4-2+deb12u1
2023-09-20 16:43:54 install libxpm4:amd64 <none> 1:3.5.12-1.1
2023-09-20 16:43:54 status half-installed libxpm4:amd64 1:3.5.12-1.1
2023-09-20 16:43:54 status unpacked libxpm4:amd64 1:3.5.12-1.1
2023-09-20 16:43:54 install libgd3:amd64 <none> 2.3.3-9
2023-09-20 16:43:54 status half-installed libgd3:amd64 2.3.3-9
2023-09-20 16:43:54 status unpacked libgd3:amd64 2.3.3-9
2023-09-20 16:43:54 install libgeoip1:amd64 <none> 1.6.12-10
2023-09-20 16:43:54 status half-installed libgeoip1:amd64 1.6.12-10
2023-09-20 16:43:54 status unpacked libgeoip1:amd64 1.6.12-10
2023-09-20 16:43:54 install libicu72:amd64 <none> 72.1-3
2023-09-20 16:43:54 status half-installed libicu72:amd64 72.1-3
2023-09-20 16:43:55 status unpacked libicu72:amd64 72.1-3
2023-09-20 16:43:55 install libxml2:amd64 <none> 2.9.14+dfsg-1.3~deb12u1
2023-09-20 16:43:55 status half-installed libxml2:amd64 2.9.14+dfsg-1.3~deb12u1
2023-09-20 16:43:55 status unpacked libxml2:amd64 2.9.14+dfsg-1.3~deb12u1
2023-09-20 16:43:55 install libxslt1.1:amd64 <none> 1.1.35-1
2023-09-20 16:43:55 status half-installed libxslt1.1:amd64 1.1.35-1
2023-09-20 16:43:55 status unpacked libxslt1.1:amd64 1.1.35-1
2023-09-20 16:43:55 install nginx:amd64 <none> 1.25.2-1~bookworm
2023-09-20 16:43:55 status half-installed nginx:amd64 1.25.2-1~bookworm
2023-09-20 16:43:55 status unpacked nginx:amd64 1.25.2-1~bookworm
2023-09-20 16:43:55 install nginx-module-geoip:amd64 <none> 1.25.2-1~bookworm
2023-09-20 16:43:55 status half-installed nginx-module-geoip:amd64 1.25.2-1~bookworm
2023-09-20 16:43:55 status unpacked nginx-module-geoip:amd64 1.25.2-1~bookworm
2023-09-20 16:43:55 install nginx-module-image-filter:amd64 <none> 1.25.2-1~bookworm
2023-09-20 16:43:55 status half-installed nginx-module-image-filter:amd64 1.25.2-1~bookworm
2023-09-20 16:43:55 status unpacked nginx-module-image-filter:amd64 1.25.2-1~bookworm
2023-09-20 16:43:55 install nginx-module-njs:amd64 <none> 1.25.2+0.8.0-1~bookworm
2023-09-20 16:43:55 status half-installed nginx-module-njs:amd64 1.25.2+0.8.0-1~bookworm
2023-09-20 16:43:55 status unpacked nginx-module-njs:amd64 1.25.2+0.8.0-1~bookworm
2023-09-20 16:43:55 install nginx-module-xslt:amd64 <none> 1.25.2-1~bookworm
2023-09-20 16:43:55 status half-installed nginx-module-xslt:amd64 1.25.2-1~bookworm
2023-09-20 16:43:55 status unpacked nginx-module-xslt:amd64 1.25.2-1~bookworm
2023-09-20 16:43:55 startup packages configure
2023-09-20 16:43:55 configure libexpat1:amd64 2.5.0-1 <none>
2023-09-20 16:43:55 status unpacked libexpat1:amd64 2.5.0-1
2023-09-20 16:43:56 status half-configured libexpat1:amd64 2.5.0-1
2023-09-20 16:43:56 status installed libexpat1:amd64 2.5.0-1
2023-09-20 16:43:56 configure libaom3:amd64 3.6.0-1 <none>
2023-09-20 16:43:56 status unpacked libaom3:amd64 3.6.0-1
2023-09-20 16:43:56 status half-configured libaom3:amd64 3.6.0-1
2023-09-20 16:43:56 status installed libaom3:amd64 3.6.0-1
2023-09-20 16:43:56 configure libabsl20220623:amd64 20220623.1-1 <none>
2023-09-20 16:43:56 status unpacked libabsl20220623:amd64 20220623.1-1
2023-09-20 16:43:56 status half-configured libabsl20220623:amd64 20220623.1-1
2023-09-20 16:43:56 status installed libabsl20220623:amd64 20220623.1-1
2023-09-20 16:43:56 configure libxau6:amd64 1:1.0.9-1 <none>
2023-09-20 16:43:56 status unpacked libxau6:amd64 1:1.0.9-1
2023-09-20 16:43:56 status half-configured libxau6:amd64 1:1.0.9-1
2023-09-20 16:43:56 status installed libxau6:amd64 1:1.0.9-1
2023-09-20 16:43:56 configure libkeyutils1:amd64 1.6.3-2 <none>
2023-09-20 16:43:56 status unpacked libkeyutils1:amd64 1.6.3-2
2023-09-20 16:43:56 status half-configured libkeyutils1:amd64 1.6.3-2
2023-09-20 16:43:56 status installed libkeyutils1:amd64 1.6.3-2
2023-09-20 16:43:56 configure libpsl5:amd64 0.21.2-1 <none>
2023-09-20 16:43:56 status unpacked libpsl5:amd64 0.21.2-1
2023-09-20 16:43:56 status half-configured libpsl5:amd64 0.21.2-1
2023-09-20 16:43:56 status installed libpsl5:amd64 0.21.2-1
2023-09-20 16:43:56 configure libicu72:amd64 72.1-3 <none>
2023-09-20 16:43:56 status unpacked libicu72:amd64 72.1-3
2023-09-20 16:43:56 status half-configured libicu72:amd64 72.1-3
2023-09-20 16:43:56 status installed libicu72:amd64 72.1-3
2023-09-20 16:43:56 configure liblerc4:amd64 4.0.0+ds-2 <none>
2023-09-20 16:43:56 status unpacked liblerc4:amd64 4.0.0+ds-2
2023-09-20 16:43:56 status half-configured liblerc4:amd64 4.0.0+ds-2
2023-09-20 16:43:56 status installed liblerc4:amd64 4.0.0+ds-2
2023-09-20 16:43:56 configure nginx:amd64 1.25.2-1~bookworm <none>
2023-09-20 16:43:56 status unpacked nginx:amd64 1.25.2-1~bookworm
2023-09-20 16:43:56 status half-configured nginx:amd64 1.25.2-1~bookworm
2023-09-20 16:43:56 status installed nginx:amd64 1.25.2-1~bookworm
2023-09-20 16:43:56 configure libbrotli1:amd64 1.0.9-2+b6 <none>
2023-09-20 16:43:56 status unpacked libbrotli1:amd64 1.0.9-2+b6
2023-09-20 16:43:56 status half-configured libbrotli1:amd64 1.0.9-2+b6
2023-09-20 16:43:56 status installed libbrotli1:amd64 1.0.9-2+b6
2023-09-20 16:43:56 configure libnghttp2-14:amd64 1.52.0-1 <none>
2023-09-20 16:43:56 status unpacked libnghttp2-14:amd64 1.52.0-1
2023-09-20 16:43:56 status half-configured libnghttp2-14:amd64 1.52.0-1
2023-09-20 16:43:56 status installed libnghttp2-14:amd64 1.52.0-1
2023-09-20 16:43:56 configure libdeflate0:amd64 1.14-1 <none>
2023-09-20 16:43:56 status unpacked libdeflate0:amd64 1.14-1
2023-09-20 16:43:56 status half-configured libdeflate0:amd64 1.14-1
2023-09-20 16:43:56 status installed libdeflate0:amd64 1.14-1
2023-09-20 16:43:56 configure gettext-base:amd64 0.21-12 <none>
2023-09-20 16:43:56 status unpacked gettext-base:amd64 0.21-12
2023-09-20 16:43:56 status half-configured gettext-base:amd64 0.21-12
2023-09-20 16:43:56 status installed gettext-base:amd64 0.21-12
2023-09-20 16:43:56 configure libsvtav1enc1:amd64 1.4.1+dfsg-1 <none>
2023-09-20 16:43:56 status unpacked libsvtav1enc1:amd64 1.4.1+dfsg-1
2023-09-20 16:43:56 status half-configured libsvtav1enc1:amd64 1.4.1+dfsg-1
2023-09-20 16:43:56 status installed libsvtav1enc1:amd64 1.4.1+dfsg-1
2023-09-20 16:43:56 configure libjbig0:amd64 2.1-6.1 <none>
2023-09-20 16:43:56 status unpacked libjbig0:amd64 2.1-6.1
2023-09-20 16:43:56 status half-configured libjbig0:amd64 2.1-6.1
2023-09-20 16:43:56 status installed libjbig0:amd64 2.1-6.1
2023-09-20 16:43:56 configure librav1e0:amd64 0.5.1-6 <none>
2023-09-20 16:43:56 status unpacked librav1e0:amd64 0.5.1-6
2023-09-20 16:43:56 status half-configured librav1e0:amd64 0.5.1-6
2023-09-20 16:43:56 status installed librav1e0:amd64 0.5.1-6
2023-09-20 16:43:56 configure libkrb5support0:amd64 1.20.1-2 <none>
2023-09-20 16:43:56 status unpacked libkrb5support0:amd64 1.20.1-2
2023-09-20 16:43:56 status half-configured libkrb5support0:amd64 1.20.1-2
2023-09-20 16:43:56 status installed libkrb5support0:amd64 1.20.1-2
2023-09-20 16:43:56 configure libsasl2-modules-db:amd64 2.1.28+dfsg-10 <none>
2023-09-20 16:43:56 status unpacked libsasl2-modules-db:amd64 2.1.28+dfsg-10
2023-09-20 16:43:56 status half-configured libsasl2-modules-db:amd64 2.1.28+dfsg-10
2023-09-20 16:43:56 status installed libsasl2-modules-db:amd64 2.1.28+dfsg-10
2023-09-20 16:43:56 configure libjpeg62-turbo:amd64 1:2.1.5-2 <none>
2023-09-20 16:43:56 status unpacked libjpeg62-turbo:amd64 1:2.1.5-2
2023-09-20 16:43:56 status half-configured libjpeg62-turbo:amd64 1:2.1.5-2
2023-09-20 16:43:56 status installed libjpeg62-turbo:amd64 1:2.1.5-2
2023-09-20 16:43:56 configure libx11-data:all 2:1.8.4-2+deb12u1 <none>
2023-09-20 16:43:56 status unpacked libx11-data:all 2:1.8.4-2+deb12u1
2023-09-20 16:43:56 status half-configured libx11-data:all 2:1.8.4-2+deb12u1
2023-09-20 16:43:56 status installed libx11-data:all 2:1.8.4-2+deb12u1
2023-09-20 16:43:56 configure librtmp1:amd64 2.4+20151223.gitfa8646d.1-2+b2 <none>
2023-09-20 16:43:56 status unpacked librtmp1:amd64 2.4+20151223.gitfa8646d.1-2+b2
2023-09-20 16:43:56 status half-configured librtmp1:amd64 2.4+20151223.gitfa8646d.1-2+b2
2023-09-20 16:43:56 status installed librtmp1:amd64 2.4+20151223.gitfa8646d.1-2+b2
2023-09-20 16:43:56 configure libpng16-16:amd64 1.6.39-2 <none>
2023-09-20 16:43:56 status unpacked libpng16-16:amd64 1.6.39-2
2023-09-20 16:43:56 status half-configured libpng16-16:amd64 1.6.39-2
2023-09-20 16:43:56 status installed libpng16-16:amd64 1.6.39-2
2023-09-20 16:43:56 configure fonts-dejavu-core:all 2.37-6 <none>
2023-09-20 16:43:56 status unpacked fonts-dejavu-core:all 2.37-6
2023-09-20 16:43:56 status half-configured fonts-dejavu-core:all 2.37-6
2023-09-20 16:43:56 status installed fonts-dejavu-core:all 2.37-6
2023-09-20 16:43:56 configure libgav1-1:amd64 0.18.0-1+b1 <none>
2023-09-20 16:43:56 status unpacked libgav1-1:amd64 0.18.0-1+b1
2023-09-20 16:43:56 status half-configured libgav1-1:amd64 0.18.0-1+b1
2023-09-20 16:43:56 status installed libgav1-1:amd64 0.18.0-1+b1
2023-09-20 16:43:56 configure libk5crypto3:amd64 1.20.1-2 <none>
2023-09-20 16:43:56 status unpacked libk5crypto3:amd64 1.20.1-2
2023-09-20 16:43:56 status half-configured libk5crypto3:amd64 1.20.1-2
2023-09-20 16:43:56 status installed libk5crypto3:amd64 1.20.1-2
2023-09-20 16:43:56 configure libdav1d6:amd64 1.0.0-2 <none>
2023-09-20 16:43:56 status unpacked libdav1d6:amd64 1.0.0-2
2023-09-20 16:43:56 status half-configured libdav1d6:amd64 1.0.0-2
2023-09-20 16:43:56 status installed libdav1d6:amd64 1.0.0-2
2023-09-20 16:43:56 configure libsasl2-2:amd64 2.1.28+dfsg-10 <none>
2023-09-20 16:43:56 status unpacked libsasl2-2:amd64 2.1.28+dfsg-10
2023-09-20 16:43:56 status half-configured libsasl2-2:amd64 2.1.28+dfsg-10
2023-09-20 16:43:56 status installed libsasl2-2:amd64 2.1.28+dfsg-10
2023-09-20 16:43:56 configure libwebp7:amd64 1.2.4-0.2+deb12u1 <none>
2023-09-20 16:43:56 status unpacked libwebp7:amd64 1.2.4-0.2+deb12u1
2023-09-20 16:43:56 status half-configured libwebp7:amd64 1.2.4-0.2+deb12u1
2023-09-20 16:43:56 status installed libwebp7:amd64 1.2.4-0.2+deb12u1
2023-09-20 16:43:56 configure libnuma1:amd64 2.0.16-1 <none>
2023-09-20 16:43:56 status unpacked libnuma1:amd64 2.0.16-1
2023-09-20 16:43:56 status half-configured libnuma1:amd64 2.0.16-1
2023-09-20 16:43:56 status installed libnuma1:amd64 2.0.16-1
2023-09-20 16:43:56 configure libtiff6:amd64 4.5.0-6 <none>
2023-09-20 16:43:56 status unpacked libtiff6:amd64 4.5.0-6
2023-09-20 16:43:56 status half-configured libtiff6:amd64 4.5.0-6
2023-09-20 16:43:56 status installed libtiff6:amd64 4.5.0-6
2023-09-20 16:43:56 configure libgeoip1:amd64 1.6.12-10 <none>
2023-09-20 16:43:56 status unpacked libgeoip1:amd64 1.6.12-10
2023-09-20 16:43:56 status half-configured libgeoip1:amd64 1.6.12-10
2023-09-20 16:43:56 status installed libgeoip1:amd64 1.6.12-10
2023-09-20 16:43:56 configure libssh2-1:amd64 1.10.0-3+b1 <none>
2023-09-20 16:43:56 status unpacked libssh2-1:amd64 1.10.0-3+b1
2023-09-20 16:43:56 status half-configured libssh2-1:amd64 1.10.0-3+b1
2023-09-20 16:43:56 status installed libssh2-1:amd64 1.10.0-3+b1
2023-09-20 16:43:56 configure libkrb5-3:amd64 1.20.1-2 <none>
2023-09-20 16:43:56 status unpacked libkrb5-3:amd64 1.20.1-2
2023-09-20 16:43:56 status half-configured libkrb5-3:amd64 1.20.1-2
2023-09-20 16:43:56 status installed libkrb5-3:amd64 1.20.1-2
2023-09-20 16:43:56 configure libde265-0:amd64 1.0.11-1 <none>
2023-09-20 16:43:56 status unpacked libde265-0:amd64 1.0.11-1
2023-09-20 16:43:56 status half-configured libde265-0:amd64 1.0.11-1
2023-09-20 16:43:56 status installed libde265-0:amd64 1.0.11-1
2023-09-20 16:43:56 configure libbsd0:amd64 0.11.7-2 <none>
2023-09-20 16:43:56 status unpacked libbsd0:amd64 0.11.7-2
2023-09-20 16:43:56 status half-configured libbsd0:amd64 0.11.7-2
2023-09-20 16:43:56 status installed libbsd0:amd64 0.11.7-2
2023-09-20 16:43:56 configure libyuv0:amd64 0.0~git20230123.b2528b0-1 <none>
2023-09-20 16:43:56 status unpacked libyuv0:amd64 0.0~git20230123.b2528b0-1
2023-09-20 16:43:56 status half-configured libyuv0:amd64 0.0~git20230123.b2528b0-1
2023-09-20 16:43:56 status installed libyuv0:amd64 0.0~git20230123.b2528b0-1
2023-09-20 16:43:56 configure libxml2:amd64 2.9.14+dfsg-1.3~deb12u1 <none>
2023-09-20 16:43:56 status unpacked libxml2:amd64 2.9.14+dfsg-1.3~deb12u1
2023-09-20 16:43:56 status half-configured libxml2:amd64 2.9.14+dfsg-1.3~deb12u1
2023-09-20 16:43:56 status installed libxml2:amd64 2.9.14+dfsg-1.3~deb12u1
2023-09-20 16:43:56 configure libxdmcp6:amd64 1:1.1.2-3 <none>
2023-09-20 16:43:56 status unpacked libxdmcp6:amd64 1:1.1.2-3
2023-09-20 16:43:56 status half-configured libxdmcp6:amd64 1:1.1.2-3
2023-09-20 16:43:56 status installed libxdmcp6:amd64 1:1.1.2-3
2023-09-20 16:43:56 configure libxcb1:amd64 1.15-1 <none>
2023-09-20 16:43:56 status unpacked libxcb1:amd64 1.15-1
2023-09-20 16:43:56 status half-configured libxcb1:amd64 1.15-1
2023-09-20 16:43:56 status installed libxcb1:amd64 1.15-1
2023-09-20 16:43:56 configure libavif15:amd64 0.11.1-1 <none>
2023-09-20 16:43:56 status unpacked libavif15:amd64 0.11.1-1
2023-09-20 16:43:56 status half-configured libavif15:amd64 0.11.1-1
2023-09-20 16:43:56 status installed libavif15:amd64 0.11.1-1
2023-09-20 16:43:56 configure fontconfig-config:amd64 2.14.1-4 <none>
2023-09-20 16:43:56 status unpacked fontconfig-config:amd64 2.14.1-4
2023-09-20 16:43:56 status half-configured fontconfig-config:amd64 2.14.1-4
2023-09-20 16:43:56 status installed fontconfig-config:amd64 2.14.1-4
2023-09-20 16:43:56 configure libedit2:amd64 3.1-20221030-2 <none>
2023-09-20 16:43:56 status unpacked libedit2:amd64 3.1-20221030-2
2023-09-20 16:43:56 status half-configured libedit2:amd64 3.1-20221030-2
2023-09-20 16:43:56 status installed libedit2:amd64 3.1-20221030-2
2023-09-20 16:43:56 configure libldap-2.5-0:amd64 2.5.13+dfsg-5 <none>
2023-09-20 16:43:56 status unpacked libldap-2.5-0:amd64 2.5.13+dfsg-5
2023-09-20 16:43:56 status half-configured libldap-2.5-0:amd64 2.5.13+dfsg-5
2023-09-20 16:43:56 status installed libldap-2.5-0:amd64 2.5.13+dfsg-5
2023-09-20 16:43:56 configure libfreetype6:amd64 2.12.1+dfsg-5 <none>
2023-09-20 16:43:56 status unpacked libfreetype6:amd64 2.12.1+dfsg-5
2023-09-20 16:43:56 status half-configured libfreetype6:amd64 2.12.1+dfsg-5
2023-09-20 16:43:56 status installed libfreetype6:amd64 2.12.1+dfsg-5
2023-09-20 16:43:56 configure nginx-module-geoip:amd64 1.25.2-1~bookworm <none>
2023-09-20 16:43:56 status unpacked nginx-module-geoip:amd64 1.25.2-1~bookworm
2023-09-20 16:43:56 status half-configured nginx-module-geoip:amd64 1.25.2-1~bookworm
2023-09-20 16:43:56 status installed nginx-module-geoip:amd64 1.25.2-1~bookworm
2023-09-20 16:43:56 configure libgssapi-krb5-2:amd64 1.20.1-2 <none>
2023-09-20 16:43:56 status unpacked libgssapi-krb5-2:amd64 1.20.1-2
2023-09-20 16:43:56 status half-configured libgssapi-krb5-2:amd64 1.20.1-2
2023-09-20 16:43:56 status installed libgssapi-krb5-2:amd64 1.20.1-2
2023-09-20 16:43:56 configure libx265-199:amd64 3.5-2+b1 <none>
2023-09-20 16:43:56 status unpacked libx265-199:amd64 3.5-2+b1
2023-09-20 16:43:56 status half-configured libx265-199:amd64 3.5-2+b1
2023-09-20 16:43:56 status installed libx265-199:amd64 3.5-2+b1
2023-09-20 16:43:56 configure libxslt1.1:amd64 1.1.35-1 <none>
2023-09-20 16:43:56 status unpacked libxslt1.1:amd64 1.1.35-1
2023-09-20 16:43:56 status half-configured libxslt1.1:amd64 1.1.35-1
2023-09-20 16:43:56 status installed libxslt1.1:amd64 1.1.35-1
2023-09-20 16:43:56 configure libcurl4:amd64 7.88.1-10+deb12u1 <none>
2023-09-20 16:43:56 status unpacked libcurl4:amd64 7.88.1-10+deb12u1
2023-09-20 16:43:56 status half-configured libcurl4:amd64 7.88.1-10+deb12u1
2023-09-20 16:43:56 status installed libcurl4:amd64 7.88.1-10+deb12u1
2023-09-20 16:43:57 configure libx11-6:amd64 2:1.8.4-2+deb12u1 <none>
2023-09-20 16:43:57 status unpacked libx11-6:amd64 2:1.8.4-2+deb12u1
2023-09-20 16:43:57 status half-configured libx11-6:amd64 2:1.8.4-2+deb12u1
2023-09-20 16:43:57 status installed libx11-6:amd64 2:1.8.4-2+deb12u1
2023-09-20 16:43:57 configure curl:amd64 7.88.1-10+deb12u1 <none>
2023-09-20 16:43:57 status unpacked curl:amd64 7.88.1-10+deb12u1
2023-09-20 16:43:57 status half-configured curl:amd64 7.88.1-10+deb12u1
2023-09-20 16:43:57 status installed curl:amd64 7.88.1-10+deb12u1
2023-09-20 16:43:57 configure libfontconfig1:amd64 2.14.1-4 <none>
2023-09-20 16:43:57 status unpacked libfontconfig1:amd64 2.14.1-4
2023-09-20 16:43:57 status half-configured libfontconfig1:amd64 2.14.1-4
2023-09-20 16:43:57 status installed libfontconfig1:amd64 2.14.1-4
2023-09-20 16:43:57 configure libxpm4:amd64 1:3.5.12-1.1 <none>
2023-09-20 16:43:57 status unpacked libxpm4:amd64 1:3.5.12-1.1
2023-09-20 16:43:57 status half-configured libxpm4:amd64 1:3.5.12-1.1
2023-09-20 16:43:57 status installed libxpm4:amd64 1:3.5.12-1.1
2023-09-20 16:43:57 configure nginx-module-njs:amd64 1.25.2+0.8.0-1~bookworm <none>
2023-09-20 16:43:57 status unpacked nginx-module-njs:amd64 1.25.2+0.8.0-1~bookworm
2023-09-20 16:43:57 status half-configured nginx-module-njs:amd64 1.25.2+0.8.0-1~bookworm
2023-09-20 16:43:57 status installed nginx-module-njs:amd64 1.25.2+0.8.0-1~bookworm
2023-09-20 16:43:57 configure libheif1:amd64 1.15.1-1 <none>
2023-09-20 16:43:57 status unpacked libheif1:amd64 1.15.1-1
2023-09-20 16:43:57 status half-configured libheif1:amd64 1.15.1-1
2023-09-20 16:43:57 status installed libheif1:amd64 1.15.1-1
2023-09-20 16:43:57 configure nginx-module-xslt:amd64 1.25.2-1~bookworm <none>
2023-09-20 16:43:57 status unpacked nginx-module-xslt:amd64 1.25.2-1~bookworm
2023-09-20 16:43:57 status half-configured nginx-module-xslt:amd64 1.25.2-1~bookworm
2023-09-20 16:43:57 status installed nginx-module-xslt:amd64 1.25.2-1~bookworm
2023-09-20 16:43:57 configure libgd3:amd64 2.3.3-9 <none>
2023-09-20 16:43:57 status unpacked libgd3:amd64 2.3.3-9
2023-09-20 16:43:57 status half-configured libgd3:amd64 2.3.3-9
2023-09-20 16:43:57 status installed libgd3:amd64 2.3.3-9
2023-09-20 16:43:57 configure nginx-module-image-filter:amd64 1.25.2-1~bookworm <none>
2023-09-20 16:43:57 status unpacked nginx-module-image-filter:amd64 1.25.2-1~bookworm
2023-09-20 16:43:57 status half-configured nginx-module-image-filter:amd64 1.25.2-1~bookworm
2023-09-20 16:43:57 status installed nginx-module-image-filter:amd64 1.25.2-1~bookworm
2023-09-20 16:43:57 trigproc libc-bin:amd64 2.36-9+deb12u1 <none>
2023-09-20 16:43:57 status half-configured libc-bin:amd64 2.36-9+deb12u1
2023-09-20 16:43:57 status installed libc-bin:amd64 2.36-9+deb12u1
